Using pre-set license
Built from '2022.3/staging' branch; Version is '2022.3.19f1 (244b723c30a6) revision 2378610'; Using compiler version '192829333'; Build Type 'Release'
OS: 'Windows 11  (10.0.22631) 64bit Core' Language: 'en' Physical Memory: 32505 MB
BatchMode: 1, IsHumanControllingUs: 0, StartBugReporterOnCrash: 0, Is64bit: 1, IsPro: 1

COMMAND LINE ARGUMENTS:
C:\Program Files\Unity\Hub\Editor\2022.3.19f1\Editor\Unity.exe
-adb2
-batchMode
-noUpm
-name
AssetImportWorker4
-projectPath
C:/Users/reidj/Git Projects/Redem/Redem
-logFile
Logs/AssetImportWorker4.log
-srvPort
59496
Successfully changed project path to: C:/Users/reidj/Git Projects/Redem/Redem
C:/Users/reidj/Git Projects/Redem/Redem
[UnityMemory] Configuration Parameters - Can be set up in boot.config
    "memorysetup-bucket-allocator-granularity=16"
    "memorysetup-bucket-allocator-bucket-count=8"
    "memorysetup-bucket-allocator-block-size=33554432"
    "memorysetup-bucket-allocator-block-count=8"
    "memorysetup-main-allocator-block-size=16777216"
    "memorysetup-thread-allocator-block-size=16777216"
    "memorysetup-gfx-main-allocator-block-size=16777216"
    "memorysetup-gfx-thread-allocator-block-size=16777216"
    "memorysetup-cache-allocator-block-size=4194304"
    "memorysetup-typetree-allocator-block-size=2097152"
    "memorysetup-profiler-bucket-allocator-granularity=16"
    "memorysetup-profiler-bucket-allocator-bucket-count=8"
    "memorysetup-profiler-bucket-allocator-block-size=33554432"
    "memorysetup-profiler-bucket-allocator-block-count=8"
    "memorysetup-profiler-allocator-block-size=16777216"
    "memorysetup-profiler-editor-allocator-block-size=1048576"
    "memorysetup-temp-allocator-size-main=16777216"
    "memorysetup-job-temp-allocator-block-size=2097152"
    "memorysetup-job-temp-allocator-block-size-background=1048576"
    "memorysetup-job-temp-allocator-reduction-small-platforms=262144"
    "memorysetup-allocator-temp-initial-block-size-main=262144"
    "memorysetup-allocator-temp-initial-block-size-worker=262144"
    "memorysetup-temp-allocator-size-background-worker=32768"
    "memorysetup-temp-allocator-size-job-worker=262144"
    "memorysetup-temp-allocator-size-preload-manager=33554432"
    "memorysetup-temp-allocator-size-nav-mesh-worker=65536"
    "memorysetup-temp-allocator-size-audio-worker=65536"
    "memorysetup-temp-allocator-size-cloud-worker=32768"
    "memorysetup-temp-allocator-size-gi-baking-worker=262144"
    "memorysetup-temp-allocator-size-gfx=262144"
Player connection [31456] Host "[IP] 192.168.68.132 [Port] 0 [Flags] 2 [Guid] 3483054777 [EditorId] 3483054777 [Version] 1048832 [Id] WindowsEditor(7,DESKTOP-NPVEBCJ) [Debug] 1 [PackageName] WindowsEditor [ProjectName] Editor" joined multi-casting on [225.0.0.222:54997]...

Player connection [31456] Host "[IP] 192.168.68.132 [Port] 0 [Flags] 2 [Guid] 3483054777 [EditorId] 3483054777 [Version] 1048832 [Id] WindowsEditor(7,DESKTOP-NPVEBCJ) [Debug] 1 [PackageName] WindowsEditor [ProjectName] Editor" joined alternative multi-casting on [225.0.0.222:34997]...

[Physics::Module] Initialized MultithreadedJobDispatcher with 15 workers.
Default GameObject BitMask: Water already registered
Refreshing native plugins compatible for Editor in 30.42 ms, found 15 plugins.
Preloading 1 native plugins for Editor in 0.44 ms.
Initialize engine version: 2022.3.19f1 (244b723c30a6)
[Subsystems] Discovering subsystems at path C:/Program Files/Unity/Hub/Editor/2022.3.19f1/Editor/Data/Resources/UnitySubsystems
[Subsystems] Discovering subsystems at path C:/Users/reidj/Git Projects/Redem/Redem/Assets
GfxDevice: creating device client; threaded=0; jobified=0
Direct3D:
    Version:  Direct3D 11.0 [level 11.1]
    Renderer: NVIDIA GeForce RTX 3070 (ID=0x2488)
    Vendor:   NVIDIA
    VRAM:     8018 MB
    Driver:   31.0.15.5123
Initialize mono
Mono path[0] = 'C:/Program Files/Unity/Hub/Editor/2022.3.19f1/Editor/Data/Managed'
Mono path[1] = 'C:/Program Files/Unity/Hub/Editor/2022.3.19f1/Editor/Data/MonoBleedingEdge/lib/mono/unityjit-win32'
Mono config path = 'C:/Program Files/Unity/Hub/Editor/2022.3.19f1/Editor/Data/MonoBleedingEdge/etc'
Using monoOptions --debugger-agent=transport=dt_socket,embedding=1,server=y,suspend=n,address=127.0.0.1:56256
Begin MonoManager ReloadAssembly
Registering precompiled unity dll's ...
Register platform support module: C:/Program Files/Unity/Hub/Editor/2022.3.19f1/Editor/Data/PlaybackEngines/AndroidPlayer/UnityEditor.Android.Extensions.dll
Register platform support module: C:/Program Files/Unity/Hub/Editor/2022.3.19f1/Editor/Data/PlaybackEngines/WindowsStandaloneSupport/UnityEditor.WindowsStandalone.Extensions.dll
Registered in 0.007669 seconds.
- Loaded All Assemblies, in  0.288 seconds
Native extension for WindowsStandalone target not found
Native extension for Android target not found
CommandWithNoStdoutInvokationFailure: Unable to start ADB server. Please make sure the Android SDK is installed and is properly configured in the Editor. See the Console for more details.
  at UnityEditor.Android.Command.RunWithShellExecute (System.String command, System.String args, System.String workingdir, System.String errorMsg) [0x00060] in <c91765c32a844aad92ce9b6c6b9d05f7>:0 
  at UnityEditor.Android.ADB.StartServer () [0x00013] in <c91765c32a844aad92ce9b6c6b9d05f7>:0 
  at UnityEditor.Android.ADB.Run (System.String[] command, UnityEditor.Android.Command+WaitingForProcessToExit waitingForProcessToExit, System.String errorMsg) [0x0000b] in <c91765c32a844aad92ce9b6c6b9d05f7>:0 
  at UnityEditor.Android.AndroidDeploymentTargetsExtension.GetKnownTargets (UnityEditor.DeploymentTargets.IDeploymentTargetsMainThreadContext context, UnityEditor.ProgressHandler progressHandler) [0x000ed] in <c91765c32a844aad92ce9b6c6b9d05f7>:0 
  at UnityEditor.Android.TargetScanWorker.ScanSync () [0x00039] in <c91765c32a844aad92ce9b6c6b9d05f7>:0 
  at UnityEditor.Android.TargetExtension.OnUsbDevicesChanged (UnityEditor.Hardware.UsbDevice[] usbDevices) [0x00081] in <c91765c32a844aad92ce9b6c6b9d05f7>:0 
  at UnityEditor.Android.TargetExtension.OnLoad () [0x000ad] in <c91765c32a844aad92ce9b6c6b9d05f7>:0 
  at UnityEditor.Modules.ModuleManager.InitializePlatformSupportModules () [0x0009d] in <2acbecbc299e4654adc94df891af51f2>:0 

Mono: successfully reloaded assembly
- Finished resetting the current domain, in  0.386 seconds
Domain Reload Profiling: 672ms
	BeginReloadAssembly (83ms)
		ExecutionOrderSort (0ms)
		DisableScriptedObjects (0ms)
		BackupInstance (0ms)
		ReleaseScriptingObjects (0ms)
		CreateAndSetChildDomain (0ms)
	RebuildCommonClasses (26ms)
	RebuildNativeTypeToScriptingClass (8ms)
	initialDomainReloadingComplete (51ms)
	LoadAllAssembliesAndSetupDomain (117ms)
		LoadAssemblies (81ms)
		RebuildTransferFunctionScriptingTraits (0ms)
		AnalyzeDomain (116ms)
			TypeCache.Refresh (115ms)
				TypeCache.ScanAssembly (104ms)
			ScanForSourceGeneratedMonoScriptInfo (0ms)
			ResolveRequiredComponents (0ms)
	FinalizeReload (386ms)
		ReleaseScriptCaches (0ms)
		RebuildScriptCaches (0ms)
		SetupLoadedEditorAssemblies (343ms)
			LogAssemblyErrors (0ms)
			InitializePlatformSupportModulesInManaged (216ms)
			SetLoadedEditorAssemblies (4ms)
			RefreshPlugins (0ms)
			BeforeProcessingInitializeOnLoad (2ms)
			ProcessInitializeOnLoadAttributes (88ms)
			ProcessInitializeOnLoadMethodAttributes (33ms)
			AfterProcessingInitializeOnLoad (0ms)
			EditorAssembliesLoaded (0ms)
		ExecutionOrderSort2 (0ms)
		AwakeInstancesAfterBackupRestoration (0ms)
========================================================================
Worker process is ready to serve import requests
Begin MonoManager ReloadAssembly
Symbol file LoadedFromMemory is not a mono symbol file
- Loaded All Assemblies, in  0.815 seconds
Refreshing native plugins compatible for Editor in 18.20 ms, found 15 plugins.
Native extension for WindowsStandalone target not found
Native extension for Android target not found
Package Manager log level set to [2]
[Package Manager] Server::EnsureServerProcessIsRunning -- launch failed, reason: Unity was launched with the -noUpm command-line argument
[Package Manager] UpmClient::Send -- Unable to send message (not connected to UPM process).
[Package Manager] Cannot connect to Unity Package Manager local server
[MODES] ModeService[none].Initialize
[MODES] ModeService[none].LoadModes
[MODES] Loading mode Default (0) for mode-current-id-Redem_MultiplayerTesting
[Package Manager] Server::EnsureServerProcessIsRunning -- launch failed, reason: Unity was launched with the -noUpm command-line argument
[Package Manager] UpmClient::Send -- Unable to send message (not connected to UPM process).
[Package Manager] Cannot connect to Unity Package Manager local server
System.Reflection.TargetInvocationException: Exception has been thrown by the target of an invocation. ---> System.NullReferenceException: Object reference not set to an instance of an object
  at Unity.XR.Oculus.OculusLoader.AssetPathToAbsolutePath (System.String assetPath) [0x0003d] in .\Library\PackageCache\com.unity.xr.oculus@4.1.2\Runtime\OculusLoader.cs:287 
  at Unity.XR.Oculus.OculusLoader.EditorLoadOVRPlugin () [0x00084] in .\Library\PackageCache\com.unity.xr.oculus@4.1.2\Runtime\OculusLoader.cs:272 
  at (wrapper managed-to-native) System.Reflection.RuntimeMethodInfo.InternalInvoke(System.Reflection.RuntimeMethodInfo,object,object[],System.Exception&)
  at System.Reflection.RuntimeMethodInfo.Invoke (System.Object obj, System.Reflection.BindingFlags invokeAttr, System.Reflection.Binder binder, System.Object[] parameters, System.Globalization.CultureInfo culture) [0x0006a] in <bfbc89a04b6b4dd49c3614d03fc31ce8>:0 
   --- End of inner exception stack trace ---
  at System.Reflection.RuntimeMethodInfo.Invoke (System.Object obj, System.Reflection.BindingFlags invokeAttr, System.Reflection.Binder binder, System.Object[] parameters, System.Globalization.CultureInfo culture) [0x00083] in <bfbc89a04b6b4dd49c3614d03fc31ce8>:0 
  at System.Reflection.MethodBase.Invoke (System.Object obj, System.Object[] parameters) [0x00000] in <bfbc89a04b6b4dd49c3614d03fc31ce8>:0 
  at UnityEditor.EditorAssemblies.ProcessInitializeOnLoadMethodAttributes () [0x000a5] in <2acbecbc299e4654adc94df891af51f2>:0 
UnityEngine.StackTraceUtility:ExtractStackTrace ()
UnityEngine.DebugLogHandler:LogFormat (UnityEngine.LogType,UnityEngine.Object,string,object[])
UnityEngine.Logger:Log (UnityEngine.LogType,object)
UnityEngine.Debug:LogError (object)
UnityEditor.EditorAssemblies:ProcessInitializeOnLoadMethodAttributes ()

Mono: successfully reloaded assembly
[Package Manager] Server::EnsureServerProcessIsRunning -- launch failed, reason: Unity was launched with the -noUpm command-line argument
[Package Manager] UpmClient::Send -- Unable to send message (not connected to UPM process).
[Package Manager] Cannot connect to Unity Package Manager local server
[Package Manager] Server::EnsureServerProcessIsRunning -- launch failed, reason: Unity was launched with the -noUpm command-line argument
[Package Manager] UpmClient::Send -- Unable to send message (not connected to UPM process).
[Package Manager] Cannot connect to Unity Package Manager local server
- Finished resetting the current domain, in  0.892 seconds
Domain Reload Profiling: 1701ms
	BeginReloadAssembly (114ms)
		ExecutionOrderSort (0ms)
		DisableScriptedObjects (4ms)
		BackupInstance (0ms)
		ReleaseScriptingObjects (0ms)
		CreateAndSetChildDomain (17ms)
	RebuildCommonClasses (27ms)
	RebuildNativeTypeToScriptingClass (11ms)
	initialDomainReloadingComplete (39ms)
	LoadAllAssembliesAndSetupDomain (618ms)
		LoadAssemblies (366ms)
		RebuildTransferFunctionScriptingTraits (0ms)
		AnalyzeDomain (318ms)
			TypeCache.Refresh (270ms)
				TypeCache.ScanAssembly (250ms)
			ScanForSourceGeneratedMonoScriptInfo (36ms)
			ResolveRequiredComponents (11ms)
	FinalizeReload (892ms)
		ReleaseScriptCaches (0ms)
		RebuildScriptCaches (0ms)
		SetupLoadedEditorAssemblies (695ms)
			LogAssemblyErrors (0ms)
			InitializePlatformSupportModulesInManaged (35ms)
			SetLoadedEditorAssemblies (6ms)
			RefreshPlugins (0ms)
			BeforeProcessingInitializeOnLoad (106ms)
			ProcessInitializeOnLoadAttributes (438ms)
			ProcessInitializeOnLoadMethodAttributes (101ms)
			AfterProcessingInitializeOnLoad (8ms)
			EditorAssembliesLoaded (0ms)
		ExecutionOrderSort2 (0ms)
		AwakeInstancesAfterBackupRestoration (5ms)
Default GameObject BitMask: Water already registered
Launched and connected shader compiler UnityShaderCompiler.exe after 0.04 seconds
Refreshing native plugins compatible for Editor in 25.52 ms, found 15 plugins.
Preloading 1 native plugins for Editor in 0.10 ms.
Unloading 9906 Unused Serialized files (Serialized files now loaded: 0)
Unloading 305 unused Assets / (15.0 MB). Loaded Objects now: 10241.
Memory consumption went from 417.4 MB to 402.4 MB.
Total: 10.056300 ms (FindLiveObjects: 0.779100 ms CreateObjectMapping: 0.502800 ms MarkObjects: 5.143500 ms  DeleteObjects: 3.629100 ms)

AssetImportParameters requested are different than current active one (requested -> active):
  custom:container-demuxer-ogg: 62fdf1f143b41e24485cea50d1cbac27 -> 
  custom:framework-win-MediaFoundation: 216162199b28c13a410421893ffa2e32 -> 
  custom:container-muxer-webm: aa71ff27fc2769a1b78a27578f13a17b -> 
  custom:video-decoder-webm-vp8: 9c59270c3fd7afecdb556c50c9e8de78 -> 
  custom:SearchIndexIgnoredProperties: e643bd26f0fe6173181afceb89e7c659 -> 
  custom:AudioImporter_EditorPlatform: d09bf68614088b80899f8185d706f6e7 -> 
  custom:audio-decoder-ogg-vorbis: bf7c407c2cedff20999df2af8eb42d56 -> 
  custom:audio-encoder-webm-vorbis: bf7c407c2cedff20999df2af8eb42d56 -> 
  custom:video-codec-MediaFoundation-h265: 746d11721c4dcdbdad8f713fa42b33f4 -> 
  custom:video-decoder-ogg-theora: a1e56fd34408186e4bbccfd4996cb3dc -> 
  custom:CustomObjectIndexerAttribute: 62b5816608c3102f162a1797e29626cf -> 
  custom:container-demuxer-webm: 4f35f7cbe854078d1ac9338744f61a02 -> 
  custom:video-encoder-webm-vp8: eb34c28f22e8b96e1ab97ce403110664 -> 
========================================================================
Received Import Request.
  Time since last request: 24909.363022 seconds.
  path: Assets/PBRTextures/floor_tiles_06_2k/textures/MTR_FloorTiles.mat
  artifactKey: Guid(5ed3729206e4d7c44931fff653e6f2f5) Importer(815301076,1909f56bfc062723c751e8b465ee728b)
Start importing Assets/PBRTextures/floor_tiles_06_2k/textures/MTR_FloorTiles.mat using Guid(5ed3729206e4d7c44931fff653e6f2f5) Importer(815301076,1909f56bfc062723c751e8b465ee728b)  -> (artifact id: '32bc397e958b3e3c88d45b916c62186b') in 0.418549 seconds
Number of updated asset objects reloaded before import = 0
Number of asset objects unloaded after import = 208
========================================================================
Received Import Request.
  Time since last request: 339.615690 seconds.
  path: Assets/PBRTextures/large_square_pattern_01_2k/large_square_pattern_01_2k.blend
  artifactKey: Guid(169bd254be3cbdb42aa1cf735075523b) Importer(815301076,1909f56bfc062723c751e8b465ee728b)
Start importing Assets/PBRTextures/large_square_pattern_01_2k/large_square_pattern_01_2k.blend using Guid(169bd254be3cbdb42aa1cf735075523b) Importer(815301076,1909f56bfc062723c751e8b465ee728b)  -> (artifact id: '6fd4551a1ba19153fbecc8d369070b2a') in 0.069618 seconds
Number of updated asset objects reloaded before import = 6
Number of asset objects unloaded after import = 34
========================================================================
Received Import Request.
  Time since last request: 1.076092 seconds.
  path: Assets/PBRTextures/large_square_pattern_01_2k/textures/large_square_pattern_01_ao_2k.jpg
  artifactKey: Guid(df1133711d99a5b408e6930135999ad9) Importer(815301076,1909f56bfc062723c751e8b465ee728b)
Start importing Assets/PBRTextures/large_square_pattern_01_2k/textures/large_square_pattern_01_ao_2k.jpg using Guid(df1133711d99a5b408e6930135999ad9) Importer(815301076,1909f56bfc062723c751e8b465ee728b)  -> (artifact id: 'a07321a70e54541f3e0099df2d163ce4') in 0.021195 seconds
Number of updated asset objects reloaded before import = 0
Number of asset objects unloaded after import = 2
========================================================================
Received Import Request.
  Time since last request: 0.006926 seconds.
  path: Assets/PBRTextures/large_square_pattern_01_2k/textures/large_square_pattern_01_diff_2k.jpg
  artifactKey: Guid(1bddf46ce16edb2428584cc9107ef660) Importer(815301076,1909f56bfc062723c751e8b465ee728b)
Start importing Assets/PBRTextures/large_square_pattern_01_2k/textures/large_square_pattern_01_diff_2k.jpg using Guid(1bddf46ce16edb2428584cc9107ef660) Importer(815301076,1909f56bfc062723c751e8b465ee728b)  -> (artifact id: '804d9256d8eb194e3d41fd7a1f232e3b') in 0.013182 seconds
Number of updated asset objects reloaded before import = 0
Number of asset objects unloaded after import = 2
========================================================================
Received Import Request.
  Time since last request: 0.000020 seconds.
  path: Assets/PBRTextures/large_square_pattern_01_2k/textures/large_square_pattern_01_rough_2k.exr
  artifactKey: Guid(1b245e8077fe7814fa6c7a85578e52a2) Importer(815301076,1909f56bfc062723c751e8b465ee728b)
Start importing Assets/PBRTextures/large_square_pattern_01_2k/textures/large_square_pattern_01_rough_2k.exr using Guid(1b245e8077fe7814fa6c7a85578e52a2) Importer(815301076,1909f56bfc062723c751e8b465ee728b)  -> (artifact id: '5255efc2168a7b578ad1f494bd19bc88') in 0.013003 seconds
Number of updated asset objects reloaded before import = 0
Number of asset objects unloaded after import = 2
========================================================================
Received Import Request.
  Time since last request: 0.000021 seconds.
  path: Assets/PBRTextures/large_square_pattern_01_2k/textures/large_square_pattern_01_nor_gl_2k.exr
  artifactKey: Guid(1510dbd08840eeb479bbdb6a510a58d7) Importer(815301076,1909f56bfc062723c751e8b465ee728b)
Start importing Assets/PBRTextures/large_square_pattern_01_2k/textures/large_square_pattern_01_nor_gl_2k.exr using Guid(1510dbd08840eeb479bbdb6a510a58d7) Importer(815301076,1909f56bfc062723c751e8b465ee728b)  -> (artifact id: '0bb99900c5267493114b8eca3373136c') in 0.018940 seconds
Number of updated asset objects reloaded before import = 0
Number of asset objects unloaded after import = 2
========================================================================
Received Import Request.
  Time since last request: 15.316642 seconds.
  path: Assets/PBRTextures/large_square_pattern_01_2k/textures/MTR_LargeSquare.mat
  artifactKey: Guid(ea361dff2e2a3904ca41b62ecad27dec) Importer(815301076,1909f56bfc062723c751e8b465ee728b)
Start importing Assets/PBRTextures/large_square_pattern_01_2k/textures/MTR_LargeSquare.mat using Guid(ea361dff2e2a3904ca41b62ecad27dec) Importer(815301076,1909f56bfc062723c751e8b465ee728b)  -> (artifact id: 'c4866f3802ee5efd2bf835cdf6f8bb0f') in 0.007122 seconds
Number of updated asset objects reloaded before import = 0
Number of asset objects unloaded after import = 2
========================================================================
Received Import Request.
  Time since last request: 109.174106 seconds.
  path: Assets/PBRTextures/large_square_pattern_01_2k/textures/MTR_LargeSquare.mat
  artifactKey: Guid(ea361dff2e2a3904ca41b62ecad27dec) Importer(815301076,1909f56bfc062723c751e8b465ee728b)
Start importing Assets/PBRTextures/large_square_pattern_01_2k/textures/MTR_LargeSquare.mat using Guid(ea361dff2e2a3904ca41b62ecad27dec) Importer(815301076,1909f56bfc062723c751e8b465ee728b)  -> (artifact id: 'ffb10b6891b85a9149957d102f7c7843') in 0.027261 seconds
Number of updated asset objects reloaded before import = 0
Number of asset objects unloaded after import = 5
========================================================================
Received Import Request.
  Time since last request: 57.722632 seconds.
  path: Assets/PBRTextures/floor_tiles_06_2k/textures/MTR_FloorTiles.mat
  artifactKey: Guid(5ed3729206e4d7c44931fff653e6f2f5) Importer(815301076,1909f56bfc062723c751e8b465ee728b)
Start importing Assets/PBRTextures/floor_tiles_06_2k/textures/MTR_FloorTiles.mat using Guid(5ed3729206e4d7c44931fff653e6f2f5) Importer(815301076,1909f56bfc062723c751e8b465ee728b)  -> (artifact id: 'eb1074ab68c616938a7a27c85fc8cc87') in 0.067714 seconds
Number of updated asset objects reloaded before import = 0
Number of asset objects unloaded after import = 6
========================================================================
Received Import Request.
  Time since last request: 4.569243 seconds.
  path: Assets/PBRTextures/large_square_pattern_01_2k
  artifactKey: Guid(548e72937b9af1f409db9d365a8d0d97) Importer(815301076,1909f56bfc062723c751e8b465ee728b)
Start importing Assets/PBRTextures/large_square_pattern_01_2k using Guid(548e72937b9af1f409db9d365a8d0d97) Importer(815301076,1909f56bfc062723c751e8b465ee728b)  -> (artifact id: '627d361398bed7c044c81c8cce780f2f') in 0.000815 seconds
Number of updated asset objects reloaded before import = 0
Number of asset objects unloaded after import = 0
========================================================================
Received Import Request.
  Time since last request: 171.864451 seconds.
  path: Assets/PBRTextures/white_plaster_02_2k
  artifactKey: Guid(90acc4528b0bf6940b8a17c90e74d0c9) Importer(815301076,1909f56bfc062723c751e8b465ee728b)
Start importing Assets/PBRTextures/white_plaster_02_2k using Guid(90acc4528b0bf6940b8a17c90e74d0c9) Importer(815301076,1909f56bfc062723c751e8b465ee728b)  -> (artifact id: 'e36f9fac607637f067cd9b54916b8a6d') in 0.000733 seconds
Number of updated asset objects reloaded before import = 0
Number of asset objects unloaded after import = 0
========================================================================
Received Import Request.
  Time since last request: 0.895856 seconds.
  path: Assets/PBRTextures/white_plaster_02_2k/white_plaster_02_2k.blend
  artifactKey: Guid(5c40a9695c02b104c802ccf0d996932d) Importer(815301076,1909f56bfc062723c751e8b465ee728b)
Start importing Assets/PBRTextures/white_plaster_02_2k/white_plaster_02_2k.blend using Guid(5c40a9695c02b104c802ccf0d996932d) Importer(815301076,1909f56bfc062723c751e8b465ee728b)  -> (artifact id: 'c8d5a7e1a066638d2c91a366066b5397') in 0.040386 seconds
Number of updated asset objects reloaded before import = 0
Number of asset objects unloaded after import = 34
========================================================================
Received Import Request.
  Time since last request: 1.262061 seconds.
  path: Assets/PBRTextures/white_plaster_02_2k/textures
  artifactKey: Guid(e63b67fa4bff21142a4188fe6662e344) Importer(815301076,1909f56bfc062723c751e8b465ee728b)
Start importing Assets/PBRTextures/white_plaster_02_2k/textures using Guid(e63b67fa4bff21142a4188fe6662e344) Importer(815301076,1909f56bfc062723c751e8b465ee728b)  -> (artifact id: '5af250619a20ea469b943112b21d1889') in 0.000816 seconds
Number of updated asset objects reloaded before import = 0
Number of asset objects unloaded after import = 0
========================================================================
Received Import Request.
  Time since last request: 0.110854 seconds.
  path: Assets/PBRTextures/white_plaster_02_2k/textures/white_plaster_02_ao_2k.jpg
  artifactKey: Guid(7f035a7999f4cdd41a3aa57e9c3ca32a) Importer(815301076,1909f56bfc062723c751e8b465ee728b)
Start importing Assets/PBRTextures/white_plaster_02_2k/textures/white_plaster_02_ao_2k.jpg using Guid(7f035a7999f4cdd41a3aa57e9c3ca32a) Importer(815301076,1909f56bfc062723c751e8b465ee728b)  -> (artifact id: '8d7b20f29f66ce290b17dfead67c64d2') in 0.015088 seconds
Number of updated asset objects reloaded before import = 0
Number of asset objects unloaded after import = 2
========================================================================
Received Import Request.
  Time since last request: 0.016907 seconds.
  path: Assets/PBRTextures/white_plaster_02_2k/textures/white_plaster_02_bump_2k.exr
  artifactKey: Guid(e35f07c7b65f3fc40b73156a0d18ed41) Importer(815301076,1909f56bfc062723c751e8b465ee728b)
Start importing Assets/PBRTextures/white_plaster_02_2k/textures/white_plaster_02_bump_2k.exr using Guid(e35f07c7b65f3fc40b73156a0d18ed41) Importer(815301076,1909f56bfc062723c751e8b465ee728b)  -> (artifact id: '353dc062c93caf460c2f04ec2ebf9675') in 0.014591 seconds
Number of updated asset objects reloaded before import = 0
Number of asset objects unloaded after import = 2
========================================================================
Received Import Request.
  Time since last request: 0.000018 seconds.
  path: Assets/PBRTextures/white_plaster_02_2k/textures/white_plaster_02_nor_gl_2k.exr
  artifactKey: Guid(18a603a6545158b46b746c718dfd4a08) Importer(815301076,1909f56bfc062723c751e8b465ee728b)
Start importing Assets/PBRTextures/white_plaster_02_2k/textures/white_plaster_02_nor_gl_2k.exr using Guid(18a603a6545158b46b746c718dfd4a08) Importer(815301076,1909f56bfc062723c751e8b465ee728b)  -> (artifact id: '087a0b53dd80801e08ffa0ba16253c02') in 0.013596 seconds
Number of updated asset objects reloaded before import = 0
Number of asset objects unloaded after import = 2
========================================================================
Received Import Request.
  Time since last request: 0.000021 seconds.
  path: Assets/PBRTextures/white_plaster_02_2k/textures/white_plaster_02_diff_2k.jpg
  artifactKey: Guid(1e7482f6549c3c540b3ba177ad2488da) Importer(815301076,1909f56bfc062723c751e8b465ee728b)
Start importing Assets/PBRTextures/white_plaster_02_2k/textures/white_plaster_02_diff_2k.jpg using Guid(1e7482f6549c3c540b3ba177ad2488da) Importer(815301076,1909f56bfc062723c751e8b465ee728b)  -> (artifact id: 'a5a4f448df3754ece30014043b940289') in 0.013024 seconds
Number of updated asset objects reloaded before import = 0
Number of asset objects unloaded after import = 2
========================================================================
Received Import Request.
  Time since last request: 0.000019 seconds.
  path: Assets/PBRTextures/white_plaster_02_2k/textures/white_plaster_02_disp_2k.png
  artifactKey: Guid(a1f2fc1a1aa793b4daf5cc07963055d3) Importer(815301076,1909f56bfc062723c751e8b465ee728b)
Start importing Assets/PBRTextures/white_plaster_02_2k/textures/white_plaster_02_disp_2k.png using Guid(a1f2fc1a1aa793b4daf5cc07963055d3) Importer(815301076,1909f56bfc062723c751e8b465ee728b)  -> (artifact id: '2d6fda4313226710464341b97e3b56d2') in 0.013019 seconds
Number of updated asset objects reloaded before import = 0
Number of asset objects unloaded after import = 2
========================================================================
Received Import Request.
  Time since last request: 18.187512 seconds.
  path: Assets/PBRTextures/white_plaster_02_2k/textures/MTR_WhitePlaster.mat
  artifactKey: Guid(8b37d6a0e3b135a458b6bebd4f4425f0) Importer(815301076,1909f56bfc062723c751e8b465ee728b)
Start importing Assets/PBRTextures/white_plaster_02_2k/textures/MTR_WhitePlaster.mat using Guid(8b37d6a0e3b135a458b6bebd4f4425f0) Importer(815301076,1909f56bfc062723c751e8b465ee728b)  -> (artifact id: 'e565eacaa77f9fb8e93243391b0f4ed0') in 0.006856 seconds
Number of updated asset objects reloaded before import = 0
Number of asset objects unloaded after import = 2
========================================================================
Received Import Request.
  Time since last request: 113.951490 seconds.
  path: Assets/PBRTextures/white_plaster_02_2k/textures/MTR_WhitePlaster.mat
  artifactKey: Guid(8b37d6a0e3b135a458b6bebd4f4425f0) Importer(815301076,1909f56bfc062723c751e8b465ee728b)
Start importing Assets/PBRTextures/white_plaster_02_2k/textures/MTR_WhitePlaster.mat using Guid(8b37d6a0e3b135a458b6bebd4f4425f0) Importer(815301076,1909f56bfc062723c751e8b465ee728b)  -> (artifact id: 'ac19707124b816200481d65936138acd') in 0.069059 seconds
Number of updated asset objects reloaded before import = 6
Number of asset objects unloaded after import = 4
========================================================================
Received Import Request.
  Time since last request: 234.332748 seconds.
  path: Assets/PBRTextures/white_plaster_02_2k/textures/MTR_WhitePlaster.mat
  artifactKey: Guid(8b37d6a0e3b135a458b6bebd4f4425f0) Importer(815301076,1909f56bfc062723c751e8b465ee728b)
Start importing Assets/PBRTextures/white_plaster_02_2k/textures/MTR_WhitePlaster.mat using Guid(8b37d6a0e3b135a458b6bebd4f4425f0) Importer(815301076,1909f56bfc062723c751e8b465ee728b)  -> (artifact id: '8f148d17ca7f417e10f9b9e737ea548f') in 0.017220 seconds
Number of updated asset objects reloaded before import = 6
Number of asset objects unloaded after import = 6
========================================================================
Received Import Request.
  Time since last request: 191.134711 seconds.
  path: Assets/PBRTextures/white_plaster_02_2k/textures/MTR_WhitePlaster_2.mat
  artifactKey: Guid(8b37d6a0e3b135a458b6bebd4f4425f0) Importer(815301076,1909f56bfc062723c751e8b465ee728b)
Start importing Assets/PBRTextures/white_plaster_02_2k/textures/MTR_WhitePlaster_2.mat using Guid(8b37d6a0e3b135a458b6bebd4f4425f0) Importer(815301076,1909f56bfc062723c751e8b465ee728b)  -> (artifact id: '00b4aad00f313855c27242ed15a4f1e3') in 0.071685 seconds
Number of updated asset objects reloaded before import = 0
Number of asset objects unloaded after import = 6
========================================================================
Received Import Request.
  Time since last request: 212.521831 seconds.
  path: Assets/PBRTextures/painted_plaster_wall_2k
  artifactKey: Guid(c8bb84bac1bc5354a975b6558c0749d7) Importer(815301076,1909f56bfc062723c751e8b465ee728b)
Start importing Assets/PBRTextures/painted_plaster_wall_2k using Guid(c8bb84bac1bc5354a975b6558c0749d7) Importer(815301076,1909f56bfc062723c751e8b465ee728b)  -> (artifact id: '865758b972773cc96fec6639f6458a5a') in 0.000925 seconds
Number of updated asset objects reloaded before import = 0
Number of asset objects unloaded after import = 0
========================================================================
Received Import Request.
  Time since last request: 0.793906 seconds.
  path: Assets/PBRTextures/painted_plaster_wall_2k/textures
  artifactKey: Guid(34bb4beb35c82174c88ae444e6c7c73a) Importer(815301076,1909f56bfc062723c751e8b465ee728b)
Start importing Assets/PBRTextures/painted_plaster_wall_2k/textures using Guid(34bb4beb35c82174c88ae444e6c7c73a) Importer(815301076,1909f56bfc062723c751e8b465ee728b)  -> (artifact id: '84e5594129229a5ee1821fe895dfbd77') in 0.000511 seconds
Number of updated asset objects reloaded before import = 0
Number of asset objects unloaded after import = 0
========================================================================
Received Import Request.
  Time since last request: 0.044816 seconds.
  path: Assets/PBRTextures/painted_plaster_wall_2k/textures/painted_plaster_wall_ao_2k.jpg
  artifactKey: Guid(fc123c5dbddd0bb4abbf463139328f18) Importer(815301076,1909f56bfc062723c751e8b465ee728b)
Start importing Assets/PBRTextures/painted_plaster_wall_2k/textures/painted_plaster_wall_ao_2k.jpg using Guid(fc123c5dbddd0bb4abbf463139328f18) Importer(815301076,1909f56bfc062723c751e8b465ee728b)  -> (artifact id: '18857e6040b093fa3bfe0d84944e9628') in 0.020019 seconds
Number of updated asset objects reloaded before import = 0
Number of asset objects unloaded after import = 2
========================================================================
Received Import Request.
  Time since last request: 0.012895 seconds.
  path: Assets/PBRTextures/painted_plaster_wall_2k/textures/painted_plaster_wall_disp_2k.png
  artifactKey: Guid(2a504e720527e784e8215e4fd52f1db9) Importer(815301076,1909f56bfc062723c751e8b465ee728b)
Start importing Assets/PBRTextures/painted_plaster_wall_2k/textures/painted_plaster_wall_disp_2k.png using Guid(2a504e720527e784e8215e4fd52f1db9) Importer(815301076,1909f56bfc062723c751e8b465ee728b)  -> (artifact id: 'd679d7e570cfc35c7aed3f22d25ae0d5') in 0.013415 seconds
Number of updated asset objects reloaded before import = 0
Number of asset objects unloaded after import = 2
========================================================================
Received Import Request.
  Time since last request: 0.000019 seconds.
  path: Assets/PBRTextures/painted_plaster_wall_2k/textures/painted_plaster_wall_diff_2k.jpg
  artifactKey: Guid(7c02b16360e3df743ab6fd11af498faa) Importer(815301076,1909f56bfc062723c751e8b465ee728b)
Start importing Assets/PBRTextures/painted_plaster_wall_2k/textures/painted_plaster_wall_diff_2k.jpg using Guid(7c02b16360e3df743ab6fd11af498faa) Importer(815301076,1909f56bfc062723c751e8b465ee728b)  -> (artifact id: '434eb4483fe830758db8213e39424a72') in 0.012440 seconds
Number of updated asset objects reloaded before import = 0
Number of asset objects unloaded after import = 2
========================================================================
Received Import Request.
  Time since last request: 0.000017 seconds.
  path: Assets/PBRTextures/painted_plaster_wall_2k/textures/painted_plaster_wall_nor_gl_2k.exr
  artifactKey: Guid(f1b5939c8ab600c4280a0d7971cbcf47) Importer(815301076,1909f56bfc062723c751e8b465ee728b)
Start importing Assets/PBRTextures/painted_plaster_wall_2k/textures/painted_plaster_wall_nor_gl_2k.exr using Guid(f1b5939c8ab600c4280a0d7971cbcf47) Importer(815301076,1909f56bfc062723c751e8b465ee728b)  -> (artifact id: '4719872bbf4dc917a673940299e1f4be') in 0.015206 seconds
Number of updated asset objects reloaded before import = 0
Number of asset objects unloaded after import = 2
========================================================================
Received Import Request.
  Time since last request: 14.024489 seconds.
  path: Assets/PBRTextures/painted_plaster_wall_2k/textures/MTR_WhitePlaster_1.mat
  artifactKey: Guid(922aa911c936f214a8665a59a47f60f0) Importer(815301076,1909f56bfc062723c751e8b465ee728b)
Start importing Assets/PBRTextures/painted_plaster_wall_2k/textures/MTR_WhitePlaster_1.mat using Guid(922aa911c936f214a8665a59a47f60f0) Importer(815301076,1909f56bfc062723c751e8b465ee728b)  -> (artifact id: 'b1fa4be5b18b775489391fd779f1a405') in 0.017303 seconds
Number of updated asset objects reloaded before import = 0
Number of asset objects unloaded after import = 2
========================================================================
Received Import Request.
  Time since last request: 33.835347 seconds.
  path: Assets/PBRTextures/painted_plaster_wall_2k/textures/painted_plaster_wall_nor_gl_2k.exr
  artifactKey: Guid(f1b5939c8ab600c4280a0d7971cbcf47) Importer(815301076,1909f56bfc062723c751e8b465ee728b)
Start importing Assets/PBRTextures/painted_plaster_wall_2k/textures/painted_plaster_wall_nor_gl_2k.exr using Guid(f1b5939c8ab600c4280a0d7971cbcf47) Importer(815301076,1909f56bfc062723c751e8b465ee728b)  -> (artifact id: '817b2f5a926be27007db92940217ba08') in 0.019952 seconds
Number of updated asset objects reloaded before import = 0
Number of asset objects unloaded after import = 2
========================================================================
Received Import Request.
  Time since last request: 49.275531 seconds.
  path: Assets/Meta Quest 2 Touch/quest2Textures1k/nextControllerBoth_color1k.png
  artifactKey: Guid(622ed4a4df878f74fbdfec7666c50f28) Importer(815301076,1909f56bfc062723c751e8b465ee728b)
Start importing Assets/Meta Quest 2 Touch/quest2Textures1k/nextControllerBoth_color1k.png using Guid(622ed4a4df878f74fbdfec7666c50f28) Importer(815301076,1909f56bfc062723c751e8b465ee728b)  -> (artifact id: '3250c1167aee14a3e1646f99bafb2f8a') in 0.011914 seconds
Number of updated asset objects reloaded before import = 0
Number of asset objects unloaded after import = 2
========================================================================
Received Import Request.
  Time since last request: 0.000018 seconds.
  path: Assets/Meta Quest 2 Touch/quest2Textures1k/nextControllerBoth_properties1kGLTF.tga
  artifactKey: Guid(12d9fb1447bd0914bb772aab7dea01a0) Importer(815301076,1909f56bfc062723c751e8b465ee728b)
Start importing Assets/Meta Quest 2 Touch/quest2Textures1k/nextControllerBoth_properties1kGLTF.tga using Guid(12d9fb1447bd0914bb772aab7dea01a0) Importer(815301076,1909f56bfc062723c751e8b465ee728b)  -> (artifact id: '40234e71e1a15c2414cb123fb40c9504') in 0.016281 seconds
Number of updated asset objects reloaded before import = 0
Number of asset objects unloaded after import = 2
========================================================================
Received Import Request.
  Time since last request: 0.000017 seconds.
  path: Assets/Meta Quest 2 Touch/Quest2_controller.png
  artifactKey: Guid(981d997153c056f4f91c370f1a5c135b) Importer(815301076,1909f56bfc062723c751e8b465ee728b)
Start importing Assets/Meta Quest 2 Touch/Quest2_controller.png using Guid(981d997153c056f4f91c370f1a5c135b) Importer(815301076,1909f56bfc062723c751e8b465ee728b)  -> (artifact id: '6be71ed0ac06696b30b8900f857ad4ab') in 0.014302 seconds
Number of updated asset objects reloaded before import = 0
Number of asset objects unloaded after import = 2
========================================================================
Received Import Request.
  Time since last request: 0.000097 seconds.
  path: Assets/20th Century Weapons Collection/Weapons/M1A1/M1A1 Demo Scene/ReflectionProbe-0.exr
  artifactKey: Guid(b994c56d946989b43a5d33769c648c54) Importer(815301076,1909f56bfc062723c751e8b465ee728b)
Start importing Assets/20th Century Weapons Collection/Weapons/M1A1/M1A1 Demo Scene/ReflectionProbe-0.exr using Guid(b994c56d946989b43a5d33769c648c54) Importer(815301076,1909f56bfc062723c751e8b465ee728b)  -> (artifact id: '76f2538af38b5ccfbeafc75bb41815cd') in 0.016063 seconds
Number of updated asset objects reloaded before import = 0
Number of asset objects unloaded after import = 2
========================================================================
Received Import Request.
  Time since last request: 0.000022 seconds.
  path: Assets/20th Century Weapons Collection/Weapons/M1A1/M1A1 Demo Scene/ReflectionProbe-1.exr
  artifactKey: Guid(9bafb2be893a4584389c40935e1f8a74) Importer(815301076,1909f56bfc062723c751e8b465ee728b)
Start importing Assets/20th Century Weapons Collection/Weapons/M1A1/M1A1 Demo Scene/ReflectionProbe-1.exr using Guid(9bafb2be893a4584389c40935e1f8a74) Importer(815301076,1909f56bfc062723c751e8b465ee728b)  -> (artifact id: '9fa8eae1a11d5a3de8ffefae95fd6efb') in 0.008997 seconds
Number of updated asset objects reloaded before import = 0
Number of asset objects unloaded after import = 2
Editor requested this worker to shutdown with reason: Scaling down because of idle timeout
TcpMessagingSession - receive error: operation aborted. errorcode: 995, details: The I/O operation has been aborted because of either a thread exit or an application request.
AssetImportWorker is now disconnected from the server
Process exiting
Exiting without the bug reporter. Application will terminate with return code 0